<?xml version="1.0" encoding="UTF-8"?>
<!-- Generated by org.testng.reporters.JUnitXMLReporter -->
<testsuite ignored="0" hostname="DESKTOP-MCS3M3G" failures="0" tests="4" name="RegressionTest" time="56.301" errors="0" timestamp="10 May 2022 11:39:14 GMT">
  <testcase classname="project.LinksTesting1" name="@BeforeMethod setup" time="0.275">
    <failure type="java.lang.NullPointerException" message="Cannot invoke &amp;quot;org.openqa.selenium.WebDriver.get(String)&amp;quot; because &amp;quot;project.BaseTest.driver&amp;quot; is null">
      <![CDATA[java.lang.NullPointerException: Cannot invoke "org.openqa.selenium.WebDriver.get(String)" because "project.BaseTest.driver" is null
at project.BaseTest.navigateUrl(BaseTest.java:136)
at project.LinksTesting1.setup(LinksTesting1.java:34)
... Removed 28 stack frames]]>
    </failure>
  </testcase> <!-- @BeforeMethod setup -->
  <testcase classname="project.LinksTesting1" name="@AfterMethod tearDown" time="0.0">
    <skipped/>
  </testcase> <!-- @AfterMethod tearDown -->
  <testcase classname="project.RadioButton1" name="@BeforeMethod beforeMethod" time="0.005">
    <failure type="java.lang.NullPointerException" message="Cannot invoke &amp;quot;org.openqa.selenium.WebDriver.get(String)&amp;quot; because &amp;quot;project.BaseTest.driver&amp;quot; is null">
      <![CDATA[java.lang.NullPointerException: Cannot invoke "org.openqa.selenium.WebDriver.get(String)" because "project.BaseTest.driver" is null
at project.BaseTest.navigateUrl(BaseTest.java:136)
at project.RadioButton1.beforeMethod(RadioButton1.java:35)
... Removed 28 stack frames]]>
    </failure>
  </testcase> <!-- @BeforeMethod beforeMethod -->
  <testcase classname="project.RadioButton1" name="@AfterMethod afterMethod" time="0.0">
    <skipped/>
  </testcase> <!-- @AfterMethod afterMethod -->
  <testcase classname="project.CheckBox1" name="@BeforeMethod beforeMethod" time="0.006">
    <failure type="java.lang.NullPointerException" message="Cannot invoke &amp;quot;org.openqa.selenium.WebDriver.get(String)&amp;quot; because &amp;quot;project.BaseTest.driver&amp;quot; is null">
      <![CDATA[java.lang.NullPointerException: Cannot invoke "org.openqa.selenium.WebDriver.get(String)" because "project.BaseTest.driver" is null
at project.BaseTest.navigateUrl(BaseTest.java:136)
at project.CheckBox1.beforeMethod(CheckBox1.java:35)
... Removed 28 stack frames]]>
    </failure>
  </testcase> <!-- @BeforeMethod beforeMethod -->
  <testcase classname="project.CheckBox1" name="@AfterMethod afterMethod" time="0.0">
    <skipped/>
  </testcase> <!-- @AfterMethod afterMethod -->
  <testcase classname="project.LinksTesting1" name="linktesting1" time="0.0">
    <skipped/>
  </testcase> <!-- linktesting1 -->
  <testcase classname="project.RadioButton1" name="radioButtonTest" time="0.0">
    <skipped/>
  </testcase> <!-- radioButtonTest -->
  <testcase classname="project.CheckBox1" name="checkboxTest" time="0.0">
    <skipped/>
  </testcase> <!-- checkboxTest -->
  <testcase classname="project.TNG_001" name="f" time="3.579"/>
</testsuite> <!-- RegressionTest -->
